<?xml version="1.0" encoding="UTF-8"?>
<!-- Generated by org.testng.reporters.JUnitReportReporter -->
<testsuite skipped="0" hostname="Ashok" name="org.test.ClassC" tests="1" failures="0" timestamp="27 Feb 2023 18:07:31 GMT" time="5.506" errors="0">
  <testcase name="tc_1" time="5.506" classname="org.test.ClassC"/>
</testsuite> <!-- org.test.ClassC -->
