<?xml version="1.0" encoding="UTF-8"?>
<!-- Generated by org.testng.reporters.JUnitReportReporter -->
<testsuite skipped="0" hostname="Ashok" name="org.test.ParamterProg" tests="1" failures="0" timestamp="01 Mar 2023 03:53:02 GMT" time="5.156" errors="0">
  <testcase name="login" time="5.156" classname="org.test.ParamterProg"/>
</testsuite> <!-- org.test.ParamterProg -->
