<?xml version="1.0" encoding="UTF-8"?>
<!-- Generated by org.testng.reporters.JUnitReportReporter -->
<testsuite skipped="0" hostname="Ashok" name="org.test.ClassE" tests="1" failures="0" timestamp="27 Feb 2023 18:07:31 GMT" time="5.688" errors="0">
  <testcase name="searchHotel" time="5.688" classname="org.test.ClassE"/>
</testsuite> <!-- org.test.ClassE -->
