<?xml version="1.0" encoding="UTF-8"?>
<!-- Generated by org.testng.reporters.JUnitReportReporter -->
<testsuite skipped="0" hostname="Ashok" name="org.test.BrowserTest" tests="2" failures="0" timestamp="01 Mar 2023 04:11:52 GMT" time="13.367" errors="0">
  <testcase name="brtest" time="5.747" classname="org.test.BrowserTest"/>
  <testcase name="brtest" time="7.620" classname="org.test.BrowserTest"/>
</testsuite> <!-- org.test.BrowserTest -->
