<?xml version="1.0" encoding="UTF-8"?>
<!-- Generated by org.testng.reporters.JUnitReportReporter -->
<testsuite skipped="0" hostname="Ashok" name="org.test.GroupsProgm" tests="4" failures="0" timestamp="02 Mar 2023 16:33:58 GMT" time="0.010" errors="0">
  <testcase name="tc_1" time="0.007" classname="org.test.GroupsProgm"/>
  <testcase name="tc_6" time="0.001" classname="org.test.GroupsProgm"/>
  <testcase name="tc_3" time="0.001" classname="org.test.GroupsProgm"/>
  <testcase name="tc_5" time="0.001" classname="org.test.GroupsProgm"/>
</testsuite> <!-- org.test.GroupsProgm -->
