<?xml version="1.0" encoding="UTF-8"?>
<!-- Generated by org.testng.reporters.JUnitReportReporter -->
<testsuite skipped="0" hostname="Ashok" name="ClassA" tests="3" failures="0" timestamp="26 Feb 2023 16:14:26 GMT" time="0.012" errors="0">
  <testcase name="tc_2" time="0.008" classname="ClassA"/>
  <testcase name="tc_1" time="0.002" classname="ClassA"/>
  <testcase name="tc_5" time="0.002" classname="ClassA"/>
</testsuite> <!-- ClassA -->
