<?xml version="1.0" encoding="UTF-8"?>
<!-- Generated by org.testng.reporters.JUnitReportReporter -->
<testsuite skipped="1" hostname="Ashok" name="ClassB" tests="6" failures="0" timestamp="26 Feb 2023 16:18:40 GMT" time="0.014" errors="0">
  <testcase name="tc_3" time="0.001" classname="ClassB"/>
  <testcase name="tc_2" time="0.001" classname="ClassB"/>
  <testcase name="tc_1" time="0.010" classname="ClassB"/>
  <testcase name="tc_2" time="0.001" classname="ClassB"/>
  <testcase name="tc_2" time="0.001" classname="ClassB"/>
  <testcase name="tc_4" classname="ClassB">
    <skipped/>
  </testcase> <!-- tc_4 -->
</testsuite> <!-- ClassB -->
