<?xml version="1.0" encoding="UTF-8"?>
<!-- Generated by org.testng.reporters.JUnitReportReporter -->
<testsuite skipped="0" hostname="Ashok" name="org.test.ClassA" tests="8" failures="0" timestamp="27 Feb 2023 10:00:25 GMT" time="0.012" errors="0">
  <testcase name="tc_2" time="0.007" classname="org.test.ClassA"/>
  <testcase name="tc_4" time="0.001" classname="org.test.ClassA"/>
  <testcase name="tc_6" time="0.001" classname="org.test.ClassA"/>
  <testcase name="tc_8" time="0.001" classname="org.test.ClassA"/>
  <testcase name="tc_3" time="0.000" classname="org.test.ClassA"/>
  <testcase name="tc_7" time="0.000" classname="org.test.ClassA"/>
  <testcase name="tc_9" time="0.001" classname="org.test.ClassA"/>
  <testcase name="tc_5" time="0.001" classname="org.test.ClassA"/>
</testsuite> <!-- org.test.ClassA -->
